[debug] [2019-02-11T04:39:23.015Z] ----------------------------------------------------------------------
[debug] [2019-02-11T04:39:23.019Z] Command:       C:\Program Files\nodejs\node.exe C:\Users\Laboratoria\AppData\Roaming\npm\node_modules\firebase-tools\lib\bin\firebase.js serve
[debug] [2019-02-11T04:39:23.019Z] CLI Version:   6.3.0
[debug] [2019-02-11T04:39:23.019Z] Platform:      win32
[debug] [2019-02-11T04:39:23.019Z] Node Version:  v10.13.0
[debug] [2019-02-11T04:39:23.022Z] Time:          Sun Feb 10 2019 23:39:23 GMT-0500 (GMT-05:00)
[debug] [2019-02-11T04:39:23.022Z] ----------------------------------------------------------------------
[debug] 
[debug] [2019-02-11T04:39:23.038Z] > command requires scopes: ["email","openid","https://www.googleapis.com/auth/cloudplatformprojects.readonly","https://www.googleapis.com/auth/firebase","https://www.googleapis.com/auth/cloud-platform"]
[debug] [2019-02-11T04:39:23.039Z] > authorizing via signed-in user
[debug] [2019-02-11T04:39:23.039Z] [iam] checking project lim008-social-network for permissions ["firebase.projects.get"]
[debug] [2019-02-11T04:39:23.043Z] > refreshing access token with scopes: ["email","https://www.googleapis.com/auth/cloud-platform","https://www.googleapis.com/auth/cloudplatformprojects.readonly","https://www.googleapis.com/auth/firebase","openid"]
[debug] [2019-02-11T04:39:23.044Z] >>> HTTP REQUEST POST https://www.googleapis.com/oauth2/v3/token  
 <request body omitted>
[debug] [2019-02-11T04:39:23.540Z] <<< HTTP RESPONSE 200
[debug] [2019-02-11T04:39:23.561Z] >>> HTTP REQUEST POST https://cloudresourcemanager.googleapis.com/v1/projects/lim008-social-network:testIamPermissions  

[debug] [2019-02-11T04:39:24.141Z] <<< HTTP RESPONSE 200
[debug] [2019-02-11T04:39:24.144Z] >>> HTTP REQUEST GET https://cloudresourcemanager.googleapis.com/v1/projects/lim008-social-network  
 
[debug] [2019-02-11T04:39:24.529Z] <<< HTTP RESPONSE 200
[info] 
[info] === Serving from 'C:\Users\Laboratoria\Desktop\project\project-redsocial\LIM008-social-network'...
[info] 
[debug] [2019-02-11T04:39:24.535Z] >>> HTTP REQUEST GET https://mobilesdk-pa.googleapis.com/v1/projects/3950063519/clients/_:getWebAppConfig  
 
[debug] [2019-02-11T04:39:25.425Z] <<< HTTP RESPONSE 200
[info] i  hosting: Serving hosting files from: ./src
[info] +  hosting: Local server: http://localhost:5000
